###############################################################
#  Generated by:      Cadence Tempus 20.11-s131_1
#  OS:                Linux x86_64(Host ID portatil)
#  Generated on:      Tue Sep 14 09:42:37 2021
#  Design:            swerv_wrapper
#  Command:           report_timing -early -max_path 1 -nworst 1 > report_timing_early_1path.rpt
###############################################################
Path 1: VIOLATED Hold Check with Pin swerv/ifu_mem_ctl/imb_f2_ff_dff_dout_reg[5]/CP 
Endpoint:   swerv/ifu_mem_ctl/imb_f2_ff_dff_dout_reg[5]/TI (^) checked with  leading edge of 'pad_clk_buffer'
Beginpoint: swerv/ifu_axi_araddr[6]                        (^) triggered by  leading edge of 'clk'
Path Groups: {pad_clk_buffer}
Analysis View: nominal_analysis_view
Other End Arrival Time          1.246
+ Hold                         -0.069
+ Phase Shift                   0.000
= Required Time                 1.176
  Arrival Time                  0.079
  Slack Time                   -1.098
     Clock Rise Edge                      0.000
     + Input Delay                        0.000
     = Beginpoint Arrival Time            0.000
      ----------------------------------------------------------------------------------------------------------------------
      Instance                                     Arc                  Cell                        Delay  Arrival  Required  
                                                                                                           Time     Time  
      ----------------------------------------------------------------------------------------------------------------------
      swerv                                        ifu_axi_araddr[6] ^  swerv                       -      0.000    1.098  
      swerv/ifu_mem_ctl/FE_MDBC66_g27107           A ^ -> Z ^           C12T28SOI_LR_BFX21_P0       0.079  0.079    1.176  
      swerv/ifu_mem_ctl/imb_f2_ff_dff_dout_reg[5]  TI ^                 C12T28SOI_LRHF_SDFPRQX4_P0  0.000  0.079    1.176  
      ----------------------------------------------------------------------------------------------------------------------

