###############################################################
#  Generated by:      Cadence Tempus 20.11-s131_1
#  OS:                Linux x86_64(Host ID portatil)
#  Generated on:      Tue Sep 14 09:42:01 2021
#  Design:            swerv_wrapper
#  Command:           report_timing -late -max_path 1 -nworst 1 > report_timing_late_1path.rpt
###############################################################
Path 1: VIOLATED Late External Delay Assertion 
Endpoint:   swerv/dma_axi_bid[0]                         (^) checked with  leading edge of 'clk'
Beginpoint: swerv/dma_ctrl/RspPtr_dff_dffs_dout_reg[0]/Q (v) triggered by  leading edge of 'pad_clk_buffer'
Path Groups: {clk}
Analysis View: nominal_analysis_view
Other End Arrival Time          0.000
- External Delay                2.500
+ Phase Shift                   1.000
- Uncertainty                   0.350
= Required Time                -1.850
- Arrival Time                139.712
= Slack Time                  -141.562
     Clock Rise Edge                 0.000
     + Clock Network Latency (Prop)  0.914
     = Beginpoint Arrival Time       0.914
      ------------------------------------------------------------------------------------------------------------------
      Instance                                    Arc               Cell                        Delay  Arrival  Required  
                                                                                                       Time     Time  
      ------------------------------------------------------------------------------------------------------------------
      swerv/dma_ctrl/RspPtr_dff_dffs_dout_reg[0]  CP ^              -                           -      0.914    -140.648  
      swerv/dma_ctrl/RspPtr_dff_dffs_dout_reg[0]  CP ^ -> Q v       C12T28SOI_LRHF_SDFPRQX4_P0  0.176  1.090    -140.472  
      swerv/dma_ctrl/g57480                       B v -> Z v        C12T28SOI_LR_OR2X8_P0       0.183  1.273    -140.289  
      swerv/dma_ctrl/g57416                       A v -> Z ^        C12T28SOI_LR_CNIVX16_P10    0.266  1.539    -140.023  
      swerv/dma_ctrl/g57025                       S2 ^ -> Z ^       C12T28SOI_LR_MX41X7_P0      0.350  1.889    -139.673  
      swerv                                       dma_axi_bid[0] ^  swerv                       -      139.712  -1.850  
      ------------------------------------------------------------------------------------------------------------------

