###############################################################
#  Generated by:      Cadence Tempus 20.11-s131_1
#  OS:                Linux x86_64(Host ID portatil)
#  Generated on:      Tue Sep 14 09:39:26 2021
#  Design:            swerv_wrapper
#  Command:           report_clocks > report_clocks.rpt
###############################################################
      ----------------------------------------------------------------------------------------------------------------------------------  
                                                                Clock Descriptions                                                            
      ----------------------------------------------------------------------------------------------------------------------------------  
                                                                                                                       Attributes          
      ----------------------------------------------------------------------------------------------------------------------------------  
         Clock Name                   Source                          View             Period    Lead    Trail   Generated   Propagated   
      ----------------------------------------------------------------------------------------------------------------------------------  
          clk                         clk                   nominal_analysis_view     1.000   0.000    0.500       n           y        
         clk_IO                        -                    nominal_analysis_view     1.000   0.000    0.500       n           n        
        jtag_tck                   jtag_tck                 nominal_analysis_view   100.000   0.000   50.000       n           y        
        pad_clk       i_WIRECELL_EXT_CSF_FC_LIN_clk/ANAIO   nominal_analysis_view     1.000   0.000    0.500       n           y        
       pad_clk_buffer        swerv/FE_OFC352_pad_clk/Z        nominal_analysis_view     1.000   0.000    0.500       n           y        
      ----------------------------------------------------------------------------------------------------------------------------------  
